<?xml version="1.0" encoding="UTF-8"?>
<!-- Generated by org.testng.reporters.JUnitReportReporter -->
<testsuite hostname="LAPTOP-LUAOCDJJ" failures="0" tests="2" name="testcases.rediff.StockManagement" time="23.453" errors="0" timestamp="2024-12-11T12:26:14 EST" skipped="0">
  <testcase classname="testcases.rediff.StockManagement" name="addFreshStock" time="10.783"/>
  <testcase classname="testcases.rediff.StockManagement" name="addFreshStock" time="12.670"/>
</testsuite> <!-- testcases.rediff.StockManagement -->
