<?xml version="1.0" encoding="UTF-8"?>
<!-- Generated by org.testng.reporters.JUnitReportReporter -->
<testsuite hostname="LAPTOP-LUAOCDJJ" failures="0" tests="2" name="testcases.CreatePortfolioTest" time="60.673" errors="0" timestamp="2024-12-04T15:19:49 EST" skipped="0">
  <testcase classname="testcases.CreatePortfolioTest" name="createPortfolioTest" time="60.665"/>
  <testcase classname="testcases.CreatePortfolioTest" name="createReservation" time="0.008"/>
</testsuite> <!-- testcases.CreatePortfolioTest -->
