<?xml version="1.0" encoding="UTF-8"?>
<!-- Generated by org.testng.reporters.JUnitReportReporter -->
<testsuite skipped="1" hostname="LAPTOP-LUAOCDJJ" name="testcases.rediff.StockManagement" tests="1" failures="0" timestamp="2024-12-09T15:39:12 EST" time="0.000" errors="0">
  <testcase name="modifyStock" time="0.000" classname="testcases.rediff.StockManagement">
    <skipped/>
  </testcase> <!-- modifyStock -->
</testsuite> <!-- testcases.rediff.StockManagement -->
